2026-04-06 21:17:47 [http-nio-8000-exec-6] INFO  m.z.m.m.s.impl.MealPlanServiceImpl - 按日期统计各父套餐餐数 - 日期: 2026-04-06
2026-04-06 21:17:47 [http-nio-8000-exec-6] INFO  m.z.m.m.s.impl.MealPlanServiceImpl - 按日期统计各父套餐餐数完成 - 日期: 2026-04-06, 结果数量: 0
2026-04-06 21:22:55 [http-nio-8000-exec-10] INFO  m.z.m.m.s.impl.MealPlanServiceImpl - 查询排餐计划完整详情 - 计划ID: 33
2026-04-06 21:22:56 [http-nio-8000-exec-10] INFO  m.z.m.m.s.impl.MealPlanServiceImpl - 查询排餐计划完整详情完成 - 计划ID: 33, 客户数: 3
2026-04-06 21:24:34 [http-nio-8000-exec-4] INFO  m.z.m.m.s.impl.MealPlanServiceImpl - 查询排餐计划完整详情 - 计划ID: 33
2026-04-06 21:24:34 [http-nio-8000-exec-4] INFO  m.z.m.m.s.impl.MealPlanServiceImpl - 查询排餐计划完整详情完成 - 计划ID: 33, 客户数: 3
2026-04-06 21:24:48 [http-nio-8000-exec-7] INFO  m.z.m.m.s.impl.MealPlanServiceImpl - 查询排餐计划完整详情 - 计划ID: 33
2026-04-06 21:24:48 [http-nio-8000-exec-7] INFO  m.z.m.m.s.impl.MealPlanServiceImpl - 查询排餐计划完整详情完成 - 计划ID: 33, 客户数: 3
2026-04-06 21:24:52 [http-nio-8000-exec-5] INFO  m.z.m.m.s.impl.MealPlanServiceImpl - 查询排餐计划完整详情 - 计划ID: 33
2026-04-06 21:24:53 [http-nio-8000-exec-5] INFO  m.z.m.m.s.impl.MealPlanServiceImpl - 查询排餐计划完整详情完成 - 计划ID: 33, 客户数: 3
2026-04-06 21:25:13 [http-nio-8000-exec-1] INFO  m.z.m.m.s.impl.MealPlanServiceImpl - 查询排餐计划完整详情 - 计划ID: 33
2026-04-06 21:25:13 [http-nio-8000-exec-1] INFO  m.z.m.m.s.impl.MealPlanServiceImpl - 查询排餐计划完整详情完成 - 计划ID: 33, 客户数: 3
2026-04-06 21:25:21 [http-nio-8000-exec-4] INFO  m.z.m.m.s.impl.MealPlanServiceImpl - 查询排餐计划完整详情 - 计划ID: 33
2026-04-06 21:25:22 [http-nio-8000-exec-4] INFO  m.z.m.m.s.impl.MealPlanServiceImpl - 查询排餐计划完整详情完成 - 计划ID: 33, 客户数: 3
2026-04-06 21:30:27 [http-nio-8000-exec-10] INFO  m.z.m.m.s.impl.MealPlanServiceImpl - 查询排餐计划完整详情 - 计划ID: 33
2026-04-06 21:30:27 [http-nio-8000-exec-10] INFO  m.z.m.m.s.impl.MealPlanServiceImpl - 查询排餐计划完整详情完成 - 计划ID: 33, 客户数: 3
2026-04-06 21:31:18 [http-nio-8000-exec-8] INFO  m.z.m.m.s.impl.MealPlanServiceImpl - 查询排餐计划完整详情 - 计划ID: 33
2026-04-06 21:31:18 [http-nio-8000-exec-8] INFO  m.z.m.m.s.impl.MealPlanServiceImpl - 查询排餐计划完整详情完成 - 计划ID: 33, 客户数: 3
2026-04-06 22:38:19 [http-nio-8000-exec-6] INFO  m.z.m.m.s.impl.MealPlanServiceImpl - 按日期统计各父套餐餐数 - 日期: 2026-04-06
2026-04-06 22:38:19 [http-nio-8000-exec-6] INFO  m.z.m.m.s.impl.MealPlanServiceImpl - 按日期统计各父套餐餐数完成 - 日期: 2026-04-06, 结果数量: 0
2026-04-06 22:38:39 [http-nio-8000-exec-2] INFO  m.z.m.m.s.impl.MealPlanServiceImpl - 查询排餐计划完整详情 - 计划ID: 33
2026-04-06 22:38:39 [http-nio-8000-exec-2] INFO  m.z.m.m.s.impl.MealPlanServiceImpl - 查询排餐计划完整详情完成 - 计划ID: 33, 客户数: 3
2026-04-06 22:39:11 [http-nio-8000-exec-3] INFO  m.z.m.m.s.impl.MealPlanServiceImpl - 查询排餐计划完整详情 - 计划ID: 33
2026-04-06 22:39:11 [http-nio-8000-exec-3] INFO  m.z.m.m.s.impl.MealPlanServiceImpl - 查询排餐计划完整详情完成 - 计划ID: 33, 客户数: 3
2026-04-06 22:39:18 [http-nio-8000-exec-6] INFO  m.z.m.m.s.impl.MealPlanServiceImpl - 查询排餐计划完整详情 - 计划ID: 33
2026-04-06 22:39:18 [http-nio-8000-exec-6] INFO  m.z.m.m.s.impl.MealPlanServiceImpl - 查询排餐计划完整详情完成 - 计划ID: 33, 客户数: 3
2026-04-06 22:40:12 [http-nio-8000-exec-2] INFO  m.z.m.m.s.impl.MealPlanServiceImpl - 查询排餐计划完整详情 - 计划ID: 33
2026-04-06 22:40:12 [http-nio-8000-exec-2] INFO  m.z.m.m.s.impl.MealPlanServiceImpl - 查询排餐计划完整详情完成 - 计划ID: 33, 客户数: 3
2026-04-06 23:01:56 [http-nio-8000-exec-8] INFO  m.z.m.m.s.impl.MealPlanServiceImpl - 查询排餐计划完整详情 - 计划ID: 33
2026-04-06 23:01:57 [http-nio-8000-exec-8] INFO  m.z.m.m.s.impl.MealPlanServiceImpl - 查询排餐计划完整详情完成 - 计划ID: 33, 客户数: 3
2026-04-06 23:26:02 [http-nio-8000-exec-2] INFO  m.z.m.m.s.impl.MealPlanServiceImpl - 查询排餐计划完整详情 - 计划ID: 33
2026-04-06 23:26:02 [http-nio-8000-exec-2] INFO  m.z.m.m.s.impl.MealPlanServiceImpl - 查询排餐计划完整详情完成 - 计划ID: 33, 客户数: 3
2026-04-06 23:35:04 [http-nio-8000-exec-1] INFO  m.z.m.m.s.impl.MealPlanServiceImpl - 按日期统计各父套餐餐数 - 日期: 2026-04-06
2026-04-06 23:35:04 [http-nio-8000-exec-1] INFO  m.z.m.m.s.impl.MealPlanServiceImpl - 按日期统计各父套餐餐数完成 - 日期: 2026-04-06, 结果数量: 0
2026-04-06 23:35:12 [http-nio-8000-exec-8] INFO  m.z.m.m.s.impl.MealPlanServiceImpl - 查询排餐计划完整详情 - 计划ID: 33
2026-04-06 23:35:12 [http-nio-8000-exec-8] INFO  m.z.m.m.s.impl.MealPlanServiceImpl - 查询排餐计划完整详情完成 - 计划ID: 33, 客户数: 3
2026-04-06 23:35:20 [http-nio-8000-exec-2] INFO  m.z.m.m.s.impl.MealPlanServiceImpl - 查询排餐计划完整详情 - 计划ID: 33
2026-04-06 23:35:21 [http-nio-8000-exec-2] INFO  m.z.m.m.s.impl.MealPlanServiceImpl - 查询排餐计划完整详情完成 - 计划ID: 33, 客户数: 3
2026-04-06 23:35:30 [http-nio-8000-exec-5] INFO  m.z.m.m.s.impl.MealPlanServiceImpl - 查询排餐计划完整详情 - 计划ID: 29
2026-04-06 23:35:31 [http-nio-8000-exec-5] INFO  m.z.m.m.s.impl.MealPlanServiceImpl - 查询排餐计划完整详情完成 - 计划ID: 29, 客户数: 1
2026-04-06 23:35:46 [http-nio-8000-exec-4] INFO  m.z.m.m.s.impl.MealPlanServiceImpl - 开始生成排餐计划 - 日期: 2026-04-06, 餐次: LUNCH, 客户ID: null
2026-04-06 23:35:46 [http-nio-8000-exec-4] INFO  m.z.m.m.s.impl.MealPlanServiceImpl - 未找到现有排餐计划，跳过清理 - 日期: 2026-04-06, 餐次: LUNCH
2026-04-06 23:35:46 [http-nio-8000-exec-4] INFO  m.z.m.m.s.impl.MealPlanServiceImpl - 创建排餐计划主记录 - 日期: 2026-04-06, 餐次: LUNCH, 订单总数: 2
2026-04-06 23:35:46 [http-nio-8000-exec-4] INFO  m.z.m.m.s.impl.MealPlanServiceImpl - 排餐计划主记录创建成功 - 计划ID: 34
2026-04-06 23:35:46 [http-nio-8000-exec-4] INFO  m.z.m.m.s.impl.MealPlanServiceImpl - 排餐计划主记录获取成功 - ID: 34, 总订单数: 2
2026-04-06 23:35:46 [http-nio-8000-exec-4] INFO  m.z.m.m.s.impl.MealPlanServiceImpl - 处理订单 1/2 - 订单ID: 13, 客户ID: A012,客户code教授 3, 父套餐ID: null, 子套餐ID: 汤-一荤一素
2026-04-06 23:35:46 [http-nio-8000-exec-4] WARN  m.z.m.m.s.impl.MealPlanServiceImpl - 过敏--猪肉
2026-04-06 23:35:46 [http-nio-8000-exec-4] WARN  m.z.m.m.s.impl.MealPlanServiceImpl - 过敏菜品：{"id":178,"name":"猴头菇老鸭汤","ingredients":"虫草花, 枸杞, 鸭子, 猪肉","dishType":"SOUP","mealTypes":["LUNCH"],"mealPackages":["1","2","3"],"schedule":["1-1","2-1","3-1","4-1"],"sort":1,"enabled":true,"createTime":1773732526000,"updateTime":1774855689000}
2026-04-06 23:35:46 [http-nio-8000-exec-4] WARN  m.z.m.m.s.impl.MealPlanServiceImpl - 当日SOUP类型菜品不足，尝试次日菜品
2026-04-06 23:35:46 [http-nio-8000-exec-4] INFO  m.z.m.m.s.impl.MealPlanServiceImpl - 次日SOUP类型选择成功 - 菜品: 核桃仁炖乌鸡
2026-04-06 23:35:46 [http-nio-8000-exec-4] INFO  m.z.m.m.s.impl.MealPlanServiceImpl - 处理订单 2/2 - 订单ID: 14, 客户ID: B001,客户code测试, 父套餐ID: null, 子套餐ID: 标准餐
2026-04-06 23:35:47 [http-nio-8000-exec-4] INFO  m.z.m.m.s.impl.MealPlanServiceImpl - 排餐计划汇总信息更新完成 - 计划ID: 34, 最终状态: 全部成功, 成功: 2, 失败: 0
2026-04-06 23:35:47 [http-nio-8000-exec-4] INFO  m.z.m.m.s.impl.MealPlanServiceImpl - 排餐计划生成完成 - 耗时: 1528ms, 计划ID: 34, 成功数: 2, 失败数: 0
2026-04-06 23:35:48 [http-nio-8000-exec-10] INFO  m.z.m.m.s.impl.MealPlanServiceImpl - 查询排餐计划完整详情 - 计划ID: 34
2026-04-06 23:35:48 [http-nio-8000-exec-10] INFO  m.z.m.m.s.impl.MealPlanServiceImpl - 查询排餐计划完整详情完成 - 计划ID: 34, 客户数: 2
2026-04-06 23:36:21 [http-nio-8000-exec-9] INFO  m.z.m.m.s.impl.MealPlanServiceImpl - 查询排餐计划完整详情 - 计划ID: 34
2026-04-06 23:36:21 [http-nio-8000-exec-9] INFO  m.z.m.m.s.impl.MealPlanServiceImpl - 查询排餐计划完整详情完成 - 计划ID: 34, 客户数: 2
2026-04-06 23:36:27 [http-nio-8000-exec-8] INFO  m.z.m.m.s.impl.MealPlanServiceImpl - 查询排餐计划完整详情 - 计划ID: 34
2026-04-06 23:36:28 [http-nio-8000-exec-8] INFO  m.z.m.m.s.impl.MealPlanServiceImpl - 查询排餐计划完整详情完成 - 计划ID: 34, 客户数: 2
2026-04-06 23:36:34 [http-nio-8000-exec-6] INFO  m.z.m.m.s.impl.MealPlanServiceImpl - 查询排餐计划完整详情 - 计划ID: 34
2026-04-06 23:36:35 [http-nio-8000-exec-6] INFO  m.z.m.m.s.impl.MealPlanServiceImpl - 查询排餐计划完整详情完成 - 计划ID: 34, 客户数: 2
2026-04-06 23:36:35 [http-nio-8000-exec-7] INFO  m.z.m.m.s.impl.MealPlanServiceImpl - 查询排餐计划完整详情 - 计划ID: 34
2026-04-06 23:36:35 [http-nio-8000-exec-7] INFO  m.z.m.m.s.impl.MealPlanServiceImpl - 查询排餐计划完整详情完成 - 计划ID: 34, 客户数: 2
2026-04-06 23:36:58 [http-nio-8000-exec-9] INFO  m.z.m.m.s.impl.MealPlanServiceImpl - 开始生成排餐计划 - 日期: 2026-04-06, 餐次: DINNER, 客户ID: null
2026-04-06 23:36:58 [http-nio-8000-exec-9] INFO  m.z.m.m.s.impl.MealPlanServiceImpl - 未找到现有排餐计划，跳过清理 - 日期: 2026-04-06, 餐次: DINNER
2026-04-06 23:36:58 [http-nio-8000-exec-9] INFO  m.z.m.m.s.impl.MealPlanServiceImpl - 创建排餐计划主记录 - 日期: 2026-04-06, 餐次: DINNER, 订单总数: 1
2026-04-06 23:36:58 [http-nio-8000-exec-9] INFO  m.z.m.m.s.impl.MealPlanServiceImpl - 排餐计划主记录创建成功 - 计划ID: 35
2026-04-06 23:36:58 [http-nio-8000-exec-9] INFO  m.z.m.m.s.impl.MealPlanServiceImpl - 排餐计划主记录获取成功 - ID: 35, 总订单数: 1
2026-04-06 23:36:58 [http-nio-8000-exec-9] INFO  m.z.m.m.s.impl.MealPlanServiceImpl - 处理订单 1/1 - 订单ID: 14, 客户ID: B001,客户code测试, 父套餐ID: null, 子套餐ID: 标准餐
2026-04-06 23:36:58 [http-nio-8000-exec-9] INFO  m.z.m.m.s.impl.MealPlanServiceImpl - 排餐计划汇总信息更新完成 - 计划ID: 35, 最终状态: 全部成功, 成功: 1, 失败: 0
2026-04-06 23:36:58 [http-nio-8000-exec-9] INFO  m.z.m.m.s.impl.MealPlanServiceImpl - 排餐计划生成完成 - 耗时: 874ms, 计划ID: 35, 成功数: 1, 失败数: 0
2026-04-06 23:36:59 [http-nio-8000-exec-2] INFO  m.z.m.m.s.impl.MealPlanServiceImpl - 查询排餐计划完整详情 - 计划ID: 35
2026-04-06 23:36:59 [http-nio-8000-exec-2] INFO  m.z.m.m.s.impl.MealPlanServiceImpl - 查询排餐计划完整详情完成 - 计划ID: 35, 客户数: 1
